This file contains any messages produced by compilers while
running configure, to aid debugging if configure makes a mistake.

It was created by Communication Runtime for Extreme Scale (comex) configure 1.1, which was
generated by GNU Autoconf 2.69.  Invocation command line was

  $ ../../ga-5-4/comex/configure --disable-option-checking --prefix=/ihome/djewell/nwchem/nwchem-6.6/src/tools/install --with-tcgmsg --with-mpi=-I/opt/openmpi/1.8.4-intel15.0-noib/include -I/opt/openmpi/1.8.4-intel15.0-noib/lib -L/opt/openmpi/1.8.4-intel15.0-noib/lib -lmpi_f90 -lmpi_f77 -lmpi -ldl -lm -Wl,--export-dynamic -lrt -lnsl -lutil -lm -ldl /opt/openmpi/1.8.4-intel15.0-noib --enable-peigs --enable-underscoring --disable-mpi-tests --with-scalapack8=-L/opt/intel/compilers_and_libraries_2016.1.150/linux/mkl/lib/intel64 -lmkl_scalapack_ilp64 -lmkl_intel_ilp64 -lmkl_core -lmkl_sequential -lmkl_blacs_intelmpi_ilp64 -lpthread -lm --without-lapack --with-blas8=-L/opt/intel/compilers_and_libraries_2016.1.150/linux/mkl/lib/intel64 -lmkl_intel_ilp64 -lmkl_core -lmkl_sequential -lpthread -lm --with-mpi-ts CC=cc CXX=g++ F77=ifort ARMCI_DEFAULT_SHMMAX_UBOUND=131072 --cache-file=/dev/null --srcdir=../../ga-5-4/comex

## --------- ##
## Platform. ##
## --------- ##

hostname = discovery
uname -m = x86_64
uname -r = 2.6.32-573.7.1.el6.x86_64
uname -s = Linux
uname -v = #1 SMP Tue Sep 22 22:00:00 UTC 2015

/usr/bin/uname -p = unknown
/bin/uname -X     = unknown

/bin/arch              = x86_64
/usr/bin/arch -k       = unknown
/usr/convex/getsysinfo = unknown
/usr/bin/hostinfo      = unknown
/bin/machine           = unknown
/usr/bin/oslevel       = unknown
/bin/universe          = unknown

PATH: /opt/openmpi/1.8.4-intel15.0-noib/bin
PATH: /opt/openmpi/1.8.4-intel15.0-noib/bin
PATH: /usr/lib64/qt-3.3/bin
PATH: /opt/intel/composer_xe_2013.1.117/bin/intel64
PATH: /opt/java/jdk1.7.0_79/bin
PATH: /opt/R/3/bin
PATH: /opt/Modules/3.2.9/bin
PATH: /opt/java/latest/bin
PATH: /usr/local/bin
PATH: /bin
PATH: /usr/bin
PATH: /usr/local/sbin
PATH: /usr/sbin
PATH: /sbin
PATH: /opt/bin
PATH: /opt/torque/active/bin
PATH: /opt/moab/active/bin
PATH: /ihome/djewell/bin


## ----------- ##
## Core tests. ##
## ----------- ##

configure:2730: checking for a BSD-compatible install
configure:2798: result: /usr/bin/install -c
configure:2809: checking whether build environment is sane
configure:2859: result: yes
configure:3000: checking for a thread-safe mkdir -p
configure:3039: result: /bin/mkdir -p
configure:3052: checking for gawk
configure:3068: found /bin/gawk
configure:3079: result: gawk
configure:3090: checking whether make sets $(MAKE)
configure:3112: result: yes
configure:3141: checking whether make supports nested variables
configure:3158: result: yes
configure:3234: checking whether to enable maintainer-specific portions of Makefiles
configure:3243: result: no
configure:3272: Detected VPATH build
configure:3338: 
configure:3340: C compiler
configure:3342: 
configure:3357: checking for style of include used by make
configure:3385: result: GNU
configure:3571: checking for C compiler version
configure:3580: cc --version >&5
cc (GCC) 4.4.7 20120313 (Red Hat 4.4.7-16)
Copyright (C) 2010 Free Software Foundation, Inc.
This is free software; see the source for copying conditions.  There is NO
warranty; not even for MERCHANTABILITY or FITNESS FOR A PARTICULAR PURPOSE.

configure:3591: $? = 0
configure:3580: cc -v >&5
Using built-in specs.
Target: x86_64-redhat-linux
Configured with: ../configure --prefix=/usr --mandir=/usr/share/man --infodir=/usr/share/info --with-bugurl=http://bugzilla.redhat.com/bugzilla --enable-bootstrap --enable-shared --enable-threads=posix --enable-checking=release --with-system-zlib --enable-__cxa_atexit --disable-libunwind-exceptions --enable-gnu-unique-object --enable-languages=c,c++,objc,obj-c++,java,fortran,ada --enable-java-awt=gtk --disable-dssi --with-java-home=/usr/lib/jvm/java-1.5.0-gcj-1.5.0.0/jre --enable-libgcj-multifile --enable-java-maintainer-mode --with-ecj-jar=/usr/share/java/eclipse-ecj.jar --disable-libjava-multilib --with-ppl --with-cloog --with-tune=generic --with-arch_32=i686 --build=x86_64-redhat-linux
Thread model: posix
gcc version 4.4.7 20120313 (Red Hat 4.4.7-16) (GCC) 
configure:3591: $? = 0
configure:3580: cc -V >&5
cc: '-V' option must have argument
configure:3591: $? = 1
configure:3580: cc -qversion >&5
cc: unrecognized option '-qversion'
cc: no input files
configure:3591: $? = 1
configure:3611: checking whether the C compiler works
configure:3633: cc    conftest.c  >&5
configure:3637: $? = 0
configure:3685: result: yes
configure:3688: checking for C compiler default output file name
configure:3690: result: a.out
configure:3696: checking for suffix of executables
configure:3703: cc -o conftest    conftest.c  >&5
configure:3707: $? = 0
configure:3729: result: 
configure:3751: checking whether we are cross compiling
configure:3759: cc -o conftest    conftest.c  >&5
configure:3763: $? = 0
configure:3770: ./conftest
configure:3774: $? = 0
configure:3789: result: no
configure:3794: checking for suffix of object files
configure:3816: cc -c   conftest.c >&5
configure:3820: $? = 0
configure:3841: result: o
configure:3845: checking whether we are using the GNU C compiler
configure:3864: cc -c   conftest.c >&5
configure:3864: $? = 0
configure:3873: result: yes
configure:3882: checking whether cc accepts -g
configure:3902: cc -c -g  conftest.c >&5
configure:3902: $? = 0
configure:3943: result: yes
configure:3960: checking for cc option to accept ISO C89
configure:4023: cc  -c -g -O2  conftest.c >&5
configure:4023: $? = 0
configure:4036: result: none needed
configure:4058: checking dependency style of cc
configure:4169: result: gcc3
configure:4191: checking how to run the C preprocessor
configure:4222: cc -E  conftest.c
configure:4222: $? = 0
configure:4236: cc -E  conftest.c
conftest.c:11:28: error: ac_nonexistent.h: No such file or directory
configure:4236: $? = 1
configure: failed program was:
| /* confdefs.h */
| #define PACKAGE_NAME "Communication Runtime for Extreme Scale (comex)"
| #define PACKAGE_TARNAME "comex"
| #define PACKAGE_VERSION "1.1"
| #define PACKAGE_STRING "Communication Runtime for Extreme Scale (comex) 1.1"
| #define PACKAGE_BUGREPORT "hpctools@pnl.gov"
| #define PACKAGE_URL "http://www.emsl.pnl.gov/docs/global/"
| #define PACKAGE "comex"
| #define VERSION "1.1"
| /* end confdefs.h.  */
| #include <ac_nonexistent.h>
configure:4261: result: cc -E
configure:4281: cc -E  conftest.c
configure:4281: $? = 0
configure:4295: cc -E  conftest.c
conftest.c:11:28: error: ac_nonexistent.h: No such file or directory
configure:4295: $? = 1
configure: failed program was:
| /* confdefs.h */
| #define PACKAGE_NAME "Communication Runtime for Extreme Scale (comex)"
| #define PACKAGE_TARNAME "comex"
| #define PACKAGE_VERSION "1.1"
| #define PACKAGE_STRING "Communication Runtime for Extreme Scale (comex) 1.1"
| #define PACKAGE_BUGREPORT "hpctools@pnl.gov"
| #define PACKAGE_URL "http://www.emsl.pnl.gov/docs/global/"
| #define PACKAGE "comex"
| #define VERSION "1.1"
| /* end confdefs.h.  */
| #include <ac_nonexistent.h>
configure:4324: checking for grep that handles long lines and -e
configure:4382: result: /bin/grep
configure:4387: checking for egrep
configure:4449: result: /bin/grep -E
configure:4454: checking for ANSI C header files
configure:4474: cc -c -g -O2  conftest.c >&5
configure:4474: $? = 0
configure:4547: cc -o conftest -g -O2   conftest.c  >&5
configure:4547: $? = 0
configure:4547: ./conftest
configure:4547: $? = 0
configure:4558: result: yes
configure:4571: checking for sys/types.h
configure:4571: cc -c -g -O2  conftest.c >&5
configure:4571: $? = 0
configure:4571: result: yes
configure:4571: checking for sys/stat.h
configure:4571: cc -c -g -O2  conftest.c >&5
configure:4571: $? = 0
configure:4571: result: yes
configure:4571: checking for stdlib.h
configure:4571: cc -c -g -O2  conftest.c >&5
configure:4571: $? = 0
configure:4571: result: yes
configure:4571: checking for string.h
configure:4571: cc -c -g -O2  conftest.c >&5
configure:4571: $? = 0
configure:4571: result: yes
configure:4571: checking for memory.h
configure:4571: cc -c -g -O2  conftest.c >&5
configure:4571: $? = 0
configure:4571: result: yes
configure:4571: checking for strings.h
configure:4571: cc -c -g -O2  conftest.c >&5
configure:4571: $? = 0
configure:4571: result: yes
configure:4571: checking for inttypes.h
configure:4571: cc -c -g -O2  conftest.c >&5
configure:4571: $? = 0
configure:4571: result: yes
configure:4571: checking for stdint.h
configure:4571: cc -c -g -O2  conftest.c >&5
configure:4571: $? = 0
configure:4571: result: yes
configure:4571: checking for unistd.h
configure:4571: cc -c -g -O2  conftest.c >&5
configure:4571: $? = 0
configure:4571: result: yes
configure:4584: checking minix/config.h usability
configure:4584: cc -c -g -O2  conftest.c >&5
conftest.c:54:26: error: minix/config.h: No such file or directory
configure:4584: $? = 1
configure: failed program was:
| /* confdefs.h */
| #define PACKAGE_NAME "Communication Runtime for Extreme Scale (comex)"
| #define PACKAGE_TARNAME "comex"
| #define PACKAGE_VERSION "1.1"
| #define PACKAGE_STRING "Communication Runtime for Extreme Scale (comex) 1.1"
| #define PACKAGE_BUGREPORT "hpctools@pnl.gov"
| #define PACKAGE_URL "http://www.emsl.pnl.gov/docs/global/"
| #define PACKAGE "comex"
| #define VERSION "1.1"
| #define STDC_HEADERS 1
| #define HAVE_SYS_TYPES_H 1
| #define HAVE_SYS_STAT_H 1
| #define HAVE_STDLIB_H 1
| #define HAVE_STRING_H 1
| #define HAVE_MEMORY_H 1
| #define HAVE_STRINGS_H 1
| #define HAVE_INTTYPES_H 1
| #define HAVE_STDINT_H 1
| #define HAVE_UNISTD_H 1
| /* end confdefs.h.  */
| #include <stdio.h>
| #ifdef HAVE_SYS_TYPES_H
| # include <sys/types.h>
| #endif
| #ifdef HAVE_SYS_STAT_H
| # include <sys/stat.h>
| #endif
| #ifdef STDC_HEADERS
| # include <stdlib.h>
| # include <stddef.h>
| #else
| # ifdef HAVE_STDLIB_H
| #  include <stdlib.h>
| # endif
| #endif
| #ifdef HAVE_STRING_H
| # if !defined STDC_HEADERS && defined HAVE_MEMORY_H
| #  include <memory.h>
| # endif
| # include <string.h>
| #endif
| #ifdef HAVE_STRINGS_H
| # include <strings.h>
| #endif
| #ifdef HAVE_INTTYPES_H
| # include <inttypes.h>
| #endif
| #ifdef HAVE_STDINT_H
| # include <stdint.h>
| #endif
| #ifdef HAVE_UNISTD_H
| # include <unistd.h>
| #endif
| #include <minix/config.h>
configure:4584: result: no
configure:4584: checking minix/config.h presence
configure:4584: cc -E  conftest.c
conftest.c:21:26: error: minix/config.h: No such file or directory
configure:4584: $? = 1
configure: failed program was:
| /* confdefs.h */
| #define PACKAGE_NAME "Communication Runtime for Extreme Scale (comex)"
| #define PACKAGE_TARNAME "comex"
| #define PACKAGE_VERSION "1.1"
| #define PACKAGE_STRING "Communication Runtime for Extreme Scale (comex) 1.1"
| #define PACKAGE_BUGREPORT "hpctools@pnl.gov"
| #define PACKAGE_URL "http://www.emsl.pnl.gov/docs/global/"
| #define PACKAGE "comex"
| #define VERSION "1.1"
| #define STDC_HEADERS 1
| #define HAVE_SYS_TYPES_H 1
| #define HAVE_SYS_STAT_H 1
| #define HAVE_STDLIB_H 1
| #define HAVE_STRING_H 1
| #define HAVE_MEMORY_H 1
| #define HAVE_STRINGS_H 1
| #define HAVE_INTTYPES_H 1
| #define HAVE_STDINT_H 1
| #define HAVE_UNISTD_H 1
| /* end confdefs.h.  */
| #include <minix/config.h>
configure:4584: result: no
configure:4584: checking for minix/config.h
configure:4584: result: no
configure:4605: checking whether it is safe to define __EXTENSIONS__
configure:4623: cc -c -g -O2  conftest.c >&5
configure:4623: $? = 0
configure:4630: result: yes
configure:4941: cc -o conftest -g -O2   conftest.c  >&5
configure:4941: $? = 0
configure:4941: ./conftest
configure:4941: $? = 0
configure:5295: checking whether a simple C MPI program compiles
configure:5301: cc -c -g -O2   -I/opt/openmpi/1.8.4-intel15.0-noib/include -I/opt/openmpi/1.8.4-intel15.0-noib/lib -I/opt/openmpi/1.8.4-intel15.0-noib/include conftest.c >&5
configure:5301: $? = 0
configure:5309: result: yes
configure:5362: cc -o conftest -g -O2   conftest.c  >&5
configure:5362: $? = 0
configure:5362: ./conftest
configure:5362: $? = 0
configure:6759: searching for MPI_TS...
configure:6766: checking mpi.h usability
configure:6766: cc -c -g -O2    -I/opt/openmpi/1.8.4-intel15.0-noib/include -I/opt/openmpi/1.8.4-intel15.0-noib/lib -I/opt/openmpi/1.8.4-intel15.0-noib/include conftest.c >&5
configure:6766: $? = 0
configure:6766: result: yes
configure:6766: checking mpi.h presence
configure:6766: cc -E    -I/opt/openmpi/1.8.4-intel15.0-noib/include -I/opt/openmpi/1.8.4-intel15.0-noib/lib -I/opt/openmpi/1.8.4-intel15.0-noib/include conftest.c
configure:6766: $? = 0
configure:6766: result: yes
configure:6766: checking for mpi.h
configure:6766: result: yes
configure:6776: checking for library containing MPI_Init
configure:6807: cc -o conftest -g -O2    -I/opt/openmpi/1.8.4-intel15.0-noib/include -I/opt/openmpi/1.8.4-intel15.0-noib/lib -I/opt/openmpi/1.8.4-intel15.0-noib/include    -L/opt/openmpi/1.8.4-intel15.0-noib/lib -Wl,--export-dynamic -L/opt/openmpi/1.8.4-intel15.0-noib/lib conftest.c    -lmpi_f90 -lmpi_f77 -lmpi -ldl -lm -lrt -lnsl -lutil -lm -ldl >&5
/usr/bin/ld: cannot find -lmpi_f90
collect2: ld returned 1 exit status
configure:6807: $? = 1
configure: failed program was:
| /* confdefs.h */
| #define PACKAGE_NAME "Communication Runtime for Extreme Scale (comex)"
| #define PACKAGE_TARNAME "comex"
| #define PACKAGE_VERSION "1.1"
| #define PACKAGE_STRING "Communication Runtime for Extreme Scale (comex) 1.1"
| #define PACKAGE_BUGREPORT "hpctools@pnl.gov"
| #define PACKAGE_URL "http://www.emsl.pnl.gov/docs/global/"
| #define PACKAGE "comex"
| #define VERSION "1.1"
| #define STDC_HEADERS 1
| #define HAVE_SYS_TYPES_H 1
| #define HAVE_SYS_STAT_H 1
| #define HAVE_STDLIB_H 1
| #define HAVE_STRING_H 1
| #define HAVE_MEMORY_H 1
| #define HAVE_STRINGS_H 1
| #define HAVE_INTTYPES_H 1
| #define HAVE_STDINT_H 1
| #define HAVE_UNISTD_H 1
| #define __EXTENSIONS__ 1
| #define _ALL_SOURCE 1
| #define _GNU_SOURCE 1
| #define _POSIX_PTHREAD_SEMANTICS 1
| #define _TANDEM_SOURCE 1
| /* end confdefs.h.  */
| 
| /* Override any GCC internal prototype to avoid an error.
|    Use char because int might match the return type of a GCC
|    builtin and then its argument prototype would still apply.  */
| #ifdef __cplusplus
| extern "C"
| #endif
| char MPI_Init ();
| int
| main ()
| {
| return MPI_Init ();
|   ;
|   return 0;
| }
configure:6824: result: no
configure:6838: error: test for COMEX_NETWORK=MPI_TS failed

## ---------------- ##
## Cache variables. ##
## ---------------- ##

ac_cv_c_compiler_gnu=yes
ac_cv_env_AR_FLAGS_set=
ac_cv_env_AR_FLAGS_value=
ac_cv_env_AR_set=
ac_cv_env_AR_value=
ac_cv_env_CC_set=set
ac_cv_env_CC_value=cc
ac_cv_env_CFLAGS_set=
ac_cv_env_CFLAGS_value=
ac_cv_env_CPPFLAGS_set=
ac_cv_env_CPPFLAGS_value=
ac_cv_env_CPP_set=
ac_cv_env_CPP_value=
ac_cv_env_LDFLAGS_set=
ac_cv_env_LDFLAGS_value=
ac_cv_env_LIBS_set=
ac_cv_env_LIBS_value=
ac_cv_env_MPICC_set=
ac_cv_env_MPICC_value=
ac_cv_env_MPIEXEC_set=
ac_cv_env_MPIEXEC_value=
ac_cv_env_NPROCS_set=
ac_cv_env_NPROCS_value=
ac_cv_env_RANLIB_set=
ac_cv_env_RANLIB_value=
ac_cv_env_build_alias_set=
ac_cv_env_build_alias_value=
ac_cv_env_host_alias_set=
ac_cv_env_host_alias_value=
ac_cv_env_target_alias_set=
ac_cv_env_target_alias_value=
ac_cv_header_inttypes_h=yes
ac_cv_header_memory_h=yes
ac_cv_header_minix_config_h=no
ac_cv_header_mpi_h=yes
ac_cv_header_stdc=yes
ac_cv_header_stdint_h=yes
ac_cv_header_stdlib_h=yes
ac_cv_header_string_h=yes
ac_cv_header_strings_h=yes
ac_cv_header_sys_stat_h=yes
ac_cv_header_sys_types_h=yes
ac_cv_header_unistd_h=yes
ac_cv_objext=o
ac_cv_path_EGREP='/bin/grep -E'
ac_cv_path_GREP=/bin/grep
ac_cv_path_install='/usr/bin/install -c'
ac_cv_path_mkdir=/bin/mkdir
ac_cv_prog_AWK=gawk
ac_cv_prog_CPP='cc -E'
ac_cv_prog_cc_c89=
ac_cv_prog_cc_g=yes
ac_cv_prog_make_make_set=yes
ac_cv_safe_to_define___extensions__=yes
ac_cv_search_MPI_Init=no
am_cv_CC_dependencies_compiler_type=gcc3
am_cv_make_support_nested_variables=yes
comex_cv_c_mpi_test_compile=yes

## ----------------- ##
## Output variables. ##
## ----------------- ##

ACLOCAL='${SHELL} /ihome/djewell/nwchem/nwchem-6.6/src/tools/ga-5-4/comex/build-aux/missing --run aclocal-1.11'
AMDEPBACKSLASH='\'
AMDEP_FALSE='#'
AMDEP_TRUE=''
AMTAR='$${TAR-tar}'
AM_BACKSLASH='\'
AM_DEFAULT_V='$(AM_DEFAULT_VERBOSITY)'
AM_DEFAULT_VERBOSITY='1'
AM_V='$(V)'
AR=''
AR_FLAGS=''
AUTOCONF='${SHELL} /ihome/djewell/nwchem/nwchem-6.6/src/tools/ga-5-4/comex/build-aux/missing --run autoconf'
AUTOHEADER='${SHELL} /ihome/djewell/nwchem/nwchem-6.6/src/tools/ga-5-4/comex/build-aux/missing --run autoheader'
AUTOMAKE='${SHELL} /ihome/djewell/nwchem/nwchem-6.6/src/tools/ga-5-4/comex/build-aux/missing --run automake-1.11'
AWK='gawk'
BLAS_CPPFLAGS=''
BLAS_LDFLAGS=''
BLAS_LIBS=''
CC='cc'
CCDEPMODE='depmode=gcc3'
CFLAGS='-g -O2'
COMEX_NETWORK_CPPFLAGS=''
COMEX_NETWORK_DMAPP_FALSE=''
COMEX_NETWORK_DMAPP_TRUE=''
COMEX_NETWORK_LDFLAGS=''
COMEX_NETWORK_LIBS=''
COMEX_NETWORK_MPI_MT_FALSE=''
COMEX_NETWORK_MPI_MT_TRUE=''
COMEX_NETWORK_MPI_PR_FALSE=''
COMEX_NETWORK_MPI_PR_TRUE=''
COMEX_NETWORK_MPI_PT_FALSE=''
COMEX_NETWORK_MPI_PT_TRUE=''
COMEX_NETWORK_MPI_TS_FALSE=''
COMEX_NETWORK_MPI_TS_TRUE=''
COMEX_NETWORK_OFA_FALSE=''
COMEX_NETWORK_OFA_TRUE=''
COMEX_NETWORK_PORTALS4_FALSE=''
COMEX_NETWORK_PORTALS4_TRUE=''
CPP='cc -E'
CPPFLAGS='   -I/opt/openmpi/1.8.4-intel15.0-noib/include -I/opt/openmpi/1.8.4-intel15.0-noib/lib -I/opt/openmpi/1.8.4-intel15.0-noib/include'
CROSS_COMPILING_FALSE=''
CROSS_COMPILING_TRUE='#'
CYGPATH_W='echo'
DEFS=''
DEPDIR='.deps'
DLLTOOL=''
DSYMUTIL=''
DUMPBIN=''
ECHO_C=''
ECHO_N='-n'
ECHO_T=''
EGREP='/bin/grep -E'
ENABLE_PROFILING_ARMCI_FALSE=''
ENABLE_PROFILING_ARMCI_TRUE='#'
EXEEXT=''
FGREP=''
GREP='/bin/grep'
HAVE_BLAS_FALSE=''
HAVE_BLAS_TRUE=''
HAVE_SYS_WEAK_ALIAS_PRAGMA_FALSE=''
HAVE_SYS_WEAK_ALIAS_PRAGMA_TRUE=''
INSTALL_DATA='${INSTALL} -m 644'
INSTALL_PROGRAM='${INSTALL}'
INSTALL_SCRIPT='${INSTALL}'
INSTALL_STRIP_PROGRAM='$(install_sh) -c -s'
LD=''
LDFLAGS='   -L/opt/openmpi/1.8.4-intel15.0-noib/lib -Wl,--export-dynamic -L/opt/openmpi/1.8.4-intel15.0-noib/lib'
LIBOBJS=''
LIBS='   -lmpi_f90 -lmpi_f77 -lmpi -ldl -lm -lrt -lnsl -lutil -lm -ldl'
LIBTOOL=''
LIPO=''
LN_S=''
LTLIBOBJS=''
MAINT='#'
MAINTAINER_MODE_FALSE=''
MAINTAINER_MODE_TRUE='#'
MAKEINFO='${SHELL} /ihome/djewell/nwchem/nwchem-6.6/src/tools/ga-5-4/comex/build-aux/missing --run makeinfo'
MANIFEST_TOOL=''
MKDIR_P='/bin/mkdir -p'
MPICC=''
MPIEXEC=''
MPI_CPPFLAGS=' -I/opt/openmpi/1.8.4-intel15.0-noib/include -I/opt/openmpi/1.8.4-intel15.0-noib/lib -I/opt/openmpi/1.8.4-intel15.0-noib/include'
MPI_LDFLAGS=' -L/opt/openmpi/1.8.4-intel15.0-noib/lib -Wl,--export-dynamic -L/opt/openmpi/1.8.4-intel15.0-noib/lib'
MPI_LIBS=' -lmpi_f90 -lmpi_f77 -lmpi -ldl -lm -lrt -lnsl -lutil -lm -ldl'
NM=''
NMEDIT=''
NPROCS=''
OBJDUMP=''
OBJEXT='o'
OTOOL64=''
OTOOL=''
PACKAGE='comex'
PACKAGE_BUGREPORT='hpctools@pnl.gov'
PACKAGE_NAME='Communication Runtime for Extreme Scale (comex)'
PACKAGE_STRING='Communication Runtime for Extreme Scale (comex) 1.1'
PACKAGE_TARNAME='comex'
PACKAGE_URL='http://www.emsl.pnl.gov/docs/global/'
PACKAGE_VERSION='1.1'
PATH_SEPARATOR=':'
PERL=''
RANLIB=''
SED=''
SET_MAKE=''
SHELL='/bin/sh'
STRIP=''
VERSION='1.1'
ac_ct_AR=''
ac_ct_CC=''
ac_ct_DUMPBIN=''
am__EXEEXT_FALSE=''
am__EXEEXT_TRUE=''
am__fastdepCC_FALSE='#'
am__fastdepCC_TRUE=''
am__include='include'
am__isrc=' -I$(srcdir)'
am__leading_dot='.'
am__nodep='_no'
am__quote=''
am__tar='$${TAR-tar} chof - "$$tardir"'
am__untar='$${TAR-tar} xf -'
bindir='${exec_prefix}/bin'
build=''
build_alias=''
build_cpu=''
build_os=''
build_vendor=''
datadir='${datarootdir}'
datarootdir='${prefix}/share'
docdir='${datarootdir}/doc/${PACKAGE_TARNAME}'
dvidir='${docdir}'
exec_prefix='NONE'
host=''
host_alias=''
host_cpu=''
host_os=''
host_vendor=''
htmldir='${docdir}'
includedir='${prefix}/include'
infodir='${datarootdir}/info'
install_sh='${SHELL} /ihome/djewell/nwchem/nwchem-6.6/src/tools/ga-5-4/comex/build-aux/install-sh'
libdir='${exec_prefix}/lib'
libexecdir='${exec_prefix}/libexec'
localedir='${datarootdir}/locale'
localstatedir='${prefix}/var'
mandir='${datarootdir}/man'
mkdir_p='/bin/mkdir -p'
oldincludedir='/usr/include'
pdfdir='${docdir}'
prefix='/ihome/djewell/nwchem/nwchem-6.6/src/tools/install'
program_transform_name='s,x,x,'
psdir='${docdir}'
sbindir='${exec_prefix}/sbin'
sharedstatedir='${prefix}/com'
sysconfdir='${prefix}/etc'
target_alias=''

## ----------- ##
## confdefs.h. ##
## ----------- ##

/* confdefs.h */
#define PACKAGE_NAME "Communication Runtime for Extreme Scale (comex)"
#define PACKAGE_TARNAME "comex"
#define PACKAGE_VERSION "1.1"
#define PACKAGE_STRING "Communication Runtime for Extreme Scale (comex) 1.1"
#define PACKAGE_BUGREPORT "hpctools@pnl.gov"
#define PACKAGE_URL "http://www.emsl.pnl.gov/docs/global/"
#define PACKAGE "comex"
#define VERSION "1.1"
#define STDC_HEADERS 1
#define HAVE_SYS_TYPES_H 1
#define HAVE_SYS_STAT_H 1
#define HAVE_STDLIB_H 1
#define HAVE_STRING_H 1
#define HAVE_MEMORY_H 1
#define HAVE_STRINGS_H 1
#define HAVE_INTTYPES_H 1
#define HAVE_STDINT_H 1
#define HAVE_UNISTD_H 1
#define __EXTENSIONS__ 1
#define _ALL_SOURCE 1
#define _GNU_SOURCE 1
#define _POSIX_PTHREAD_SEMANTICS 1
#define _TANDEM_SOURCE 1

configure: exit 1
